<?xml version="1.0" encoding="UTF-8"?>
<!-- Generated by org.testng.reporters.JUnitReportReporter -->
<testsuite hostname="Stella" name="com.sirma.itt.javacourse.objects.HeterogeneusTreeTest" tests="3" failures="0" timestamp="17 Apr 2013 20:25:45 GMT" time="0.000" errors="0">
  <testcase name="printTree" time="0.000" classname="com.sirma.itt.javacourse.objects.HeterogeneusTreeTest"/>
  <testcase name="search" time="0.000" classname="com.sirma.itt.javacourse.objects.HeterogeneusTreeTest"/>
  <testcase name="insert" time="0.000" classname="com.sirma.itt.javacourse.objects.HeterogeneusTreeTest"/>
</testsuite> <!-- com.sirma.itt.javacourse.objects.HeterogeneusTreeTest -->
