<?xml version="1.0" encoding="UTF-8"?>
<!-- Generated by org.testng.reporters.JUnitReportReporter -->
<testsuite hostname="sdjulgerova" name="com.sirma.itt.javacourse.objects.BinaryTreeTest" tests="3" failures="0" timestamp="23 Apr 2013 11:17:37 GMT" time="0.016" errors="0">
  <testcase name="insert" time="0.016" classname="com.sirma.itt.javacourse.objects.BinaryTreeTest"/>
  <testcase name="printTree" time="0.000" classname="com.sirma.itt.javacourse.objects.BinaryTreeTest"/>
  <testcase name="search" time="0.000" classname="com.sirma.itt.javacourse.objects.BinaryTreeTest"/>
</testsuite> <!-- com.sirma.itt.javacourse.objects.BinaryTreeTest -->
