<?xml version="1.0" encoding="UTF-8"?>
<!-- Generated by org.testng.reporters.JUnitReportReporter -->
<testsuite hostname="sdjulgerova" name="com.sirma.itt.javacourse.objects.SumatorTest" tests="14" failures="0" timestamp="15 Apr 2013 10:35:00 GMT" time="0.031" errors="0">
  <testcase name="sumTest" time="0.016" classname="com.sirma.itt.javacourse.objects.SumatorTest"/>
  <testcase name="sumTest" time="0.000" classname="com.sirma.itt.javacourse.objects.SumatorTest"/>
  <testcase name="sumTest" time="0.000" classname="com.sirma.itt.javacourse.objects.SumatorTest"/>
  <testcase name="sumTest" time="0.000" classname="com.sirma.itt.javacourse.objects.SumatorTest"/>
  <testcase name="sumTest" time="0.000" classname="com.sirma.itt.javacourse.objects.SumatorTest"/>
  <testcase name="sumTest" time="0.000" classname="com.sirma.itt.javacourse.objects.SumatorTest"/>
  <testcase name="sumTest" time="0.000" classname="com.sirma.itt.javacourse.objects.SumatorTest"/>
  <testcase name="sumTest" time="0.015" classname="com.sirma.itt.javacourse.objects.SumatorTest"/>
  <testcase name="sumTest" time="0.000" classname="com.sirma.itt.javacourse.objects.SumatorTest"/>
  <testcase name="sumTest" time="0.000" classname="com.sirma.itt.javacourse.objects.SumatorTest"/>
  <testcase name="sumTest" time="0.000" classname="com.sirma.itt.javacourse.objects.SumatorTest"/>
  <testcase name="sumTest" time="0.000" classname="com.sirma.itt.javacourse.objects.SumatorTest"/>
  <testcase name="sumTest" time="0.000" classname="com.sirma.itt.javacourse.objects.SumatorTest"/>
  <testcase name="sumTest" time="0.000" classname="com.sirma.itt.javacourse.objects.SumatorTest"/>
</testsuite> <!-- com.sirma.itt.javacourse.objects.SumatorTest -->
