<?xml version="1.0" encoding="UTF-8"?>
<!-- Generated by org.testng.reporters.JUnitReportReporter -->
<testsuite hostname="Stella" name="com.sirma.itt.javacourse.objects.HomogeneusTreeTest" tests="1" failures="0" timestamp="17 Apr 2013 20:26:07 GMT" time="0.015" errors="0">
  <testcase name="printTree" time="0.015" classname="com.sirma.itt.javacourse.objects.HomogeneusTreeTest"/>
</testsuite> <!-- com.sirma.itt.javacourse.objects.HomogeneusTreeTest -->
