<?xml version="1.0" encoding="UTF-8"?>
<!-- Generated by org.testng.reporters.JUnitReportReporter -->
<testsuite hostname="sdjulgerova" name="com.sirma.itt.javacourse.objects.HomogeneusTreeTest" tests="1" failures="0" timestamp="23 Apr 2013 11:34:28 GMT" time="0.016" errors="0">
  <testcase name="printTree" time="0.016" classname="com.sirma.itt.javacourse.objects.HomogeneusTreeTest"/>
</testsuite> <!-- com.sirma.itt.javacourse.objects.HomogeneusTreeTest -->
