<?xml version="1.0" encoding="UTF-8"?>
<!-- Generated by org.testng.reporters.JUnitReportReporter -->
<testsuite hostname="Stella" name="com.sirma.itt.javacourse.objects.BinaryTreeTest" tests="3" failures="0" timestamp="17 Apr 2013 20:25:41 GMT" time="0.031" errors="0">
  <testcase name="insert" time="0.015" classname="com.sirma.itt.javacourse.objects.BinaryTreeTest"/>
  <testcase name="printTree" time="0.000" classname="com.sirma.itt.javacourse.objects.BinaryTreeTest"/>
  <testcase name="search" time="0.016" classname="com.sirma.itt.javacourse.objects.BinaryTreeTest"/>
</testsuite> <!-- com.sirma.itt.javacourse.objects.BinaryTreeTest -->
