<?xml version="1.0" encoding="UTF-8"?>
<!-- Generated by org.testng.reporters.JUnitReportReporter -->
<testsuite hostname="sdjulgerova" name="com.sirma.itt.javacourse.exceptions.ElementsListTest" tests="1" failures="0" timestamp="25 Apr 2013 10:48:30 GMT" time="0.015" errors="0">
  <testcase name="add" time="0.015" classname="com.sirma.itt.javacourse.exceptions.ElementsListTest"/>
</testsuite> <!-- com.sirma.itt.javacourse.exceptions.ElementsListTest -->
