<?xml version="1.0" encoding="UTF-8"?>
<!-- Generated by org.testng.reporters.JUnitReportReporter -->
<testsuite hostname="sdjulgerova" name="com.sirma.itt.javacourse.exceptions.ConsoleReaderTest" tests="1" failures="0" timestamp="3 Jun 2013 08:11:33 GMT" time="11.078" errors="0">
  <testcase name="validate" time="11.078" classname="com.sirma.itt.javacourse.exceptions.ConsoleReaderTest"/>
</testsuite> <!-- com.sirma.itt.javacourse.exceptions.ConsoleReaderTest -->
