<?xml version="1.0" encoding="UTF-8"?>
<!-- Generated by org.testng.reporters.JUnitReportReporter -->
<testsuite hostname="sdjulgerova" name="com.sirma.itt.javacourse.exceptions.ConsoleReaderTest" tests="1" failures="0" timestamp="9 May 2013 05:36:37 GMT" time="6.140" errors="0">
  <testcase name="validate" time="6.140" classname="com.sirma.itt.javacourse.exceptions.ConsoleReaderTest"/>
</testsuite> <!-- com.sirma.itt.javacourse.exceptions.ConsoleReaderTest -->
