<?xml version="1.0" encoding="UTF-8"?>
<!-- Generated by org.testng.reporters.JUnitReportReporter -->
<testsuite hostname="sdjulgerova" name="com.sirma.itt.javacourse.exceptions.ConsoleReaderTest" tests="1" failures="0" timestamp="25 Apr 2013 10:36:23 GMT" time="5.719" errors="0">
  <testcase name="validate" time="5.719" classname="com.sirma.itt.javacourse.exceptions.ConsoleReaderTest"/>
</testsuite> <!-- com.sirma.itt.javacourse.exceptions.ConsoleReaderTest -->
