<?xml version="1.0" encoding="UTF-8"?>
<!-- Generated by org.testng.reporters.JUnitReportReporter -->
<testsuite hostname="sdjulgerova" name="com.sirma.itt.javacourse.regex.GreedyRegExTest" tests="2" failures="0" timestamp="29 Apr 2013 08:31:11 GMT" time="0.016" errors="0">
  <testcase name="format" time="0.000" classname="com.sirma.itt.javacourse.regex.GreedyRegExTest"/>
  <testcase name="format" time="0.016" classname="com.sirma.itt.javacourse.regex.GreedyRegExTest"/>
</testsuite> <!-- com.sirma.itt.javacourse.regex.GreedyRegExTest -->
