<?xml version="1.0" encoding="UTF-8"?>
<!-- Generated by org.testng.reporters.JUnitReportReporter -->
<testsuite hostname="sdjulgerova" name="com.sirma.itt.javacourse.regex.IBANFormatterTest" tests="2" failures="0" timestamp="29 Apr 2013 08:34:53 GMT" time="0.031" errors="0">
  <testcase name="format" time="0.000" classname="com.sirma.itt.javacourse.regex.IBANFormatterTest"/>
  <testcase name="format" time="0.031" classname="com.sirma.itt.javacourse.regex.IBANFormatterTest"/>
</testsuite> <!-- com.sirma.itt.javacourse.regex.IBANFormatterTest -->
