<?xml version="1.0" encoding="UTF-8"?>
<!-- Generated by org.testng.reporters.JUnitReportReporter -->
<testsuite hostname="sdjulgerova" name="com.sirma.itt.javacourse.regex.EmailValidatorTest" tests="2" failures="0" timestamp="29 Apr 2013 08:17:24 GMT" time="0.031" errors="0">
  <testcase name="InValidEmailTest" time="0.031" classname="com.sirma.itt.javacourse.regex.EmailValidatorTest"/>
  <testcase name="ValidEmailTest" time="0.000" classname="com.sirma.itt.javacourse.regex.EmailValidatorTest"/>
</testsuite> <!-- com.sirma.itt.javacourse.regex.EmailValidatorTest -->
