<?xml version="1.0" encoding="UTF-8"?>
<!-- Generated by org.testng.reporters.JUnitReportReporter -->
<testsuite hostname="sdjulgerova" name="com.sirma.itt.javacourse.annotation.PlainOrderTest" tests="3" failures="0" timestamp="29 Apr 2013 08:58:40 GMT" time="0.047" errors="0">
  <testcase name="orderInstances" time="0.031" classname="com.sirma.itt.javacourse.annotation.PlainOrderTest"/>
  <testcase name="orderInstances" time="0.000" classname="com.sirma.itt.javacourse.annotation.PlainOrderTest"/>
  <testcase name="orderInstances" time="0.016" classname="com.sirma.itt.javacourse.annotation.PlainOrderTest"/>
</testsuite> <!-- com.sirma.itt.javacourse.annotation.PlainOrderTest -->
