<?xml version="1.0" encoding="UTF-8"?>
<!-- Generated by org.testng.reporters.JUnitReportReporter -->
<testsuite hostname="sdjulgerova" name="com.sirma.itt.javacourse.reflection.ClassCreatorTest" tests="2" failures="0" timestamp="29 Apr 2013 09:16:23 GMT" time="0.016" errors="0">
  <testcase name="makeInstance" time="0.016" classname="com.sirma.itt.javacourse.reflection.ClassCreatorTest"/>
  <testcase name="makeInstance" time="0.000" classname="com.sirma.itt.javacourse.reflection.ClassCreatorTest"/>
</testsuite> <!-- com.sirma.itt.javacourse.reflection.ClassCreatorTest -->
