<?xml version="1.0" encoding="UTF-8"?>
<!-- Generated by org.testng.reporters.JUnitReportReporter -->
<testsuite hostname="sdjulgerova" name="com.sirma.itt.javacoure.singleton.PoolTest" tests="1" failures="0" timestamp="10 Jun 2013 09:24:11 GMT" time="0.016" errors="0">
  <testcase name="acquire" time="0.016" classname="com.sirma.itt.javacoure.singleton.PoolTest"/>
</testsuite> <!-- com.sirma.itt.javacoure.singleton.PoolTest -->
