<?xml version="1.0" encoding="UTF-8"?>
<!-- Generated by org.testng.reporters.JUnitReportReporter -->
<testsuite hostname="sdjulgerova" name="com.sirma.itt.javacoure.singleton.MailTest" tests="4" failures="0" timestamp="10 Jun 2013 10:09:52 GMT" time="0.016" errors="0">
  <testcase name="addReciver" time="0.000" classname="com.sirma.itt.javacoure.singleton.MailTest"/>
  <testcase name="addCC" time="0.016" classname="com.sirma.itt.javacoure.singleton.MailTest"/>
  <testcase name="addSubject" time="0.000" classname="com.sirma.itt.javacoure.singleton.MailTest"/>
  <testcase name="addContent" time="0.000" classname="com.sirma.itt.javacoure.singleton.MailTest"/>
</testsuite> <!-- com.sirma.itt.javacoure.singleton.MailTest -->
