<?xml version="1.0" encoding="UTF-8"?>
<!-- Generated by org.testng.reporters.JUnitReportReporter -->
<testsuite hostname="sdjulgerova" name="com.sirma.itt.javacoure.singleton.SingletonTest" tests="3" failures="0" timestamp="10 Jun 2013 08:29:50 GMT" time="0.094" errors="0">
  <testcase name="orderInstances" time="0.000" classname="com.sirma.itt.javacoure.singleton.SingletonTest"/>
  <testcase name="orderInstances" time="0.094" classname="com.sirma.itt.javacoure.singleton.SingletonTest"/>
  <testcase name="orderInstances" time="0.000" classname="com.sirma.itt.javacoure.singleton.SingletonTest"/>
</testsuite> <!-- com.sirma.itt.javacoure.singleton.SingletonTest -->
