<?xml version="1.0" encoding="UTF-8"?>
<!-- Generated by org.testng.reporters.JUnitReportReporter -->
<testsuite hostname="sdjulgerova" name="com.sirma.itt.javacoure.singleton.IntegerProxyTest" tests="12" failures="0" timestamp="10 Jun 2013 08:51:56 GMT" time="0.048" errors="0">
  <testcase name="addTest" time="0.000" classname="com.sirma.itt.javacoure.singleton.IntegerProxyTest"/>
  <testcase name="divideTest" time="0.000" classname="com.sirma.itt.javacoure.singleton.IntegerProxyTest"/>
  <testcase name="divideTest" time="0.000" classname="com.sirma.itt.javacoure.singleton.IntegerProxyTest"/>
  <testcase name="addTest" time="0.016" classname="com.sirma.itt.javacoure.singleton.IntegerProxyTest"/>
  <testcase name="multyTest" time="0.000" classname="com.sirma.itt.javacoure.singleton.IntegerProxyTest"/>
  <testcase name="subtractTest" time="0.000" classname="com.sirma.itt.javacoure.singleton.IntegerProxyTest"/>
  <testcase name="subtractTest" time="0.016" classname="com.sirma.itt.javacoure.singleton.IntegerProxyTest"/>
  <testcase name="multyTest" time="0.000" classname="com.sirma.itt.javacoure.singleton.IntegerProxyTest"/>
  <testcase name="multyTest" time="0.000" classname="com.sirma.itt.javacoure.singleton.IntegerProxyTest"/>
  <testcase name="subtractTest" time="0.000" classname="com.sirma.itt.javacoure.singleton.IntegerProxyTest"/>
  <testcase name="addTest" time="0.016" classname="com.sirma.itt.javacoure.singleton.IntegerProxyTest"/>
  <testcase name="divideTest" time="0.000" classname="com.sirma.itt.javacoure.singleton.IntegerProxyTest"/>
</testsuite> <!-- com.sirma.itt.javacoure.singleton.IntegerProxyTest -->
