<?xml version="1.0" encoding="UTF-8"?>
<!-- Generated by org.testng.reporters.JUnitReportReporter -->
<testsuite hostname="sdjulgerova" name="com.sirma.itt.javacoure.singleton.FactoryTest" tests="3" failures="0" timestamp="10 Jun 2013 09:45:59 GMT" time="0.015" errors="0">
  <testcase name="createInstance" time="0.015" classname="com.sirma.itt.javacoure.singleton.FactoryTest"/>
  <testcase name="getMyClass" time="0.000" classname="com.sirma.itt.javacoure.singleton.FactoryTest"/>
  <testcase name="getMyClass" time="0.000" classname="com.sirma.itt.javacoure.singleton.FactoryTest"/>
</testsuite> <!-- com.sirma.itt.javacoure.singleton.FactoryTest -->
