<?xml version="1.0" encoding="UTF-8"?>
<!-- Generated by org.testng.reporters.JUnitReportReporter -->
<testsuite hostname="sdjulgerova" name="com.sirma.itt.javacourse.io.FileReversalTest" tests="1" failures="0" timestamp="10 May 2013 08:13:28 GMT" time="0.047" errors="0">
  <testcase name="testFileReverse" time="0.047" classname="com.sirma.itt.javacourse.io.FileReversalTest"/>
</testsuite> <!-- com.sirma.itt.javacourse.io.FileReversalTest -->
