<?xml version="1.0" encoding="UTF-8"?>
<!-- Generated by org.testng.reporters.JUnitReportReporter -->
<testsuite hostname="sdjulgerova" name="com.sirma.itt.javacourse.io.SerializerTest" tests="1" failures="0" timestamp="10 May 2013 09:11:41 GMT" time="0.031" errors="0">
  <testcase name="testGetObject" time="0.031" classname="com.sirma.itt.javacourse.io.SerializerTest"/>
</testsuite> <!-- com.sirma.itt.javacourse.io.SerializerTest -->
