<?xml version="1.0" encoding="UTF-8"?>
<!-- Generated by org.testng.reporters.JUnitReportReporter -->
<testsuite hostname="sdjulgerova" name="com.sirma.itt.javacourse.io.FileReversalTest" tests="1" failures="0" timestamp="3 Jun 2013 09:19:47 GMT" time="0.031" errors="0">
  <testcase name="testFileReverse" time="0.031" classname="com.sirma.itt.javacourse.io.FileReversalTest"/>
</testsuite> <!-- com.sirma.itt.javacourse.io.FileReversalTest -->
