<?xml version="1.0" encoding="UTF-8"?>
<!-- Generated by org.testng.reporters.JUnitReportReporter -->
<testsuite hostname="sdjulgerova" name="com.sirma.itt.javacourse.io.ConsoleReaderTest" tests="1" failures="0" timestamp="9 May 2013 06:34:36 GMT" time="2.719" errors="0">
  <testcase name="validate" time="2.719" classname="com.sirma.itt.javacourse.io.ConsoleReaderTest"/>
</testsuite> <!-- com.sirma.itt.javacourse.io.ConsoleReaderTest -->
