<?xml version="1.0" encoding="UTF-8"?>
<!-- Generated by org.testng.reporters.JUnitReportReporter -->
<testsuite hostname="sdjulgerova" name="com.sirma.itt.javacourse.io.ConsoleReaderTest" tests="4" failures="0" timestamp="10 May 2013 07:43:37 GMT" time="15.500" errors="0">
  <testcase name="testReadString" time="2.282" classname="com.sirma.itt.javacourse.io.ConsoleReaderTest"/>
  <testcase name="validate" time="4.265" classname="com.sirma.itt.javacourse.io.ConsoleReaderTest"/>
  <testcase name="testReadFloat" time="6.297" classname="com.sirma.itt.javacourse.io.ConsoleReaderTest"/>
  <testcase name="testReadInt" time="2.656" classname="com.sirma.itt.javacourse.io.ConsoleReaderTest"/>
</testsuite> <!-- com.sirma.itt.javacourse.io.ConsoleReaderTest -->
