<?xml version="1.0" encoding="UTF-8"?>
<!-- Generated by org.testng.reporters.JUnitReportReporter -->
<testsuite hostname="sdjulgerova" name="com.sirma.itt.javacourse.gui.CalculatorTest" tests="4" failures="0" timestamp="25 Jun 2013 13:01:19 GMT" time="0.016" errors="0">
  <testcase name="nodTest" time="0.000" classname="com.sirma.itt.javacourse.gui.CalculatorTest"/>
  <testcase name="nodTest" time="0.000" classname="com.sirma.itt.javacourse.gui.CalculatorTest"/>
  <testcase name="nodTest" time="0.000" classname="com.sirma.itt.javacourse.gui.CalculatorTest"/>
  <testcase name="nodTest" time="0.016" classname="com.sirma.itt.javacourse.gui.CalculatorTest"/>
</testsuite> <!-- com.sirma.itt.javacourse.gui.CalculatorTest -->
