<?xml version="1.0" encoding="UTF-8"?>
<!-- Generated by org.testng.reporters.JUnitReportReporter -->
<testsuite hostname="sdjulgerova" name="com.sirma.itt.javacourse.gui.ClientTest" tests="1" failures="0" timestamp="25 Jun 2013 14:13:00 GMT" time="0.016" errors="0">
  <testcase name="sendReceiveTest" time="0.016" classname="com.sirma.itt.javacourse.gui.ClientTest"/>
</testsuite> <!-- com.sirma.itt.javacourse.gui.ClientTest -->
