<?xml version="1.0" encoding="UTF-8"?>
<!-- Generated by org.testng.reporters.JUnitReportReporter -->
<testsuite hostname="sdjulgerova" name="com.sirma.itt.javacourse.collections.PageBeanTest" tests="5" failures="0" timestamp="10 May 2013 12:18:27 GMT" time="0.015" errors="0">
  <testcase name="testGetMessages" time="0.000" classname="com.sirma.itt.javacourse.collections.PageBeanTest"/>
  <testcase name="testPrevious" time="0.000" classname="com.sirma.itt.javacourse.collections.PageBeanTest"/>
  <testcase name="testFirstPage" time="0.015" classname="com.sirma.itt.javacourse.collections.PageBeanTest"/>
  <testcase name="testNext" time="0.000" classname="com.sirma.itt.javacourse.collections.PageBeanTest"/>
  <testcase name="testLastPage" time="0.000" classname="com.sirma.itt.javacourse.collections.PageBeanTest"/>
</testsuite> <!-- com.sirma.itt.javacourse.collections.PageBeanTest -->
