<?xml version="1.0" encoding="UTF-8"?>
<!-- Generated by org.testng.reporters.JUnitReportReporter -->
<testsuite hostname="sdjulgerova" name="com.sirma.itt.javacourse.intro.NODTest" tests="6" failures="0" timestamp="23 Apr 2013 08:29:53 GMT" time="0.047" errors="0">
  <testcase name="nokTest" time="0.015" classname="com.sirma.itt.javacourse.intro.NODTest"/>
  <testcase name="nodTest" time="0.000" classname="com.sirma.itt.javacourse.intro.NODTest"/>
  <testcase name="nodTest" time="0.000" classname="com.sirma.itt.javacourse.intro.NODTest"/>
  <testcase name="nokTest" time="0.000" classname="com.sirma.itt.javacourse.intro.NODTest"/>
  <testcase name="nodTest" time="0.032" classname="com.sirma.itt.javacourse.intro.NODTest"/>
  <testcase name="nokTest" time="0.000" classname="com.sirma.itt.javacourse.intro.NODTest"/>
</testsuite> <!-- com.sirma.itt.javacourse.intro.NODTest -->
