<?xml version="1.0" encoding="UTF-8"?>
<!-- Generated by org.testng.reporters.JUnitReportReporter -->
<testsuite hostname="sdjulgerova" name="com.sirma.itt.javacourse.intro.ArrayReverseTest" tests="3" failures="0" timestamp="3 Jun 2013 08:20:35 GMT" time="0.031" errors="0">
  <testcase name="reverseTest" time="0.000" classname="com.sirma.itt.javacourse.intro.ArrayReverseTest"/>
  <testcase name="reverseTest" time="0.000" classname="com.sirma.itt.javacourse.intro.ArrayReverseTest"/>
  <testcase name="reverseTest" time="0.031" classname="com.sirma.itt.javacourse.intro.ArrayReverseTest"/>
</testsuite> <!-- com.sirma.itt.javacourse.intro.ArrayReverseTest -->
