<?xml version="1.0" encoding="UTF-8"?>
<!-- Generated by org.testng.reporters.JUnitReportReporter -->
<testsuite hostname="sdjulgerova" name="com.sirma.itt.javacourse.intro.HangTest" tests="1" failures="0" timestamp="23 Apr 2013 08:29:36 GMT" time="0.016" errors="0">
  <testcase name="replaceCharTest" time="0.016" classname="com.sirma.itt.javacourse.intro.HangTest"/>
</testsuite> <!-- com.sirma.itt.javacourse.intro.HangTest -->
