<?xml version="1.0" encoding="UTF-8"?>
<!-- Generated by org.testng.reporters.JUnitReportReporter -->
<testsuite hostname="Stella" name="com.sirma.itt.javacourse.intro.SumOfStringsTest" tests="3" failures="0" timestamp="18 Apr 2013 00:01:10 GMT" time="0.015" errors="0">
  <testcase name="calculateTast" time="0.000" classname="com.sirma.itt.javacourse.intro.SumOfStringsTest"/>
  <testcase name="calculateTast" time="0.000" classname="com.sirma.itt.javacourse.intro.SumOfStringsTest"/>
  <testcase name="calculateTast" time="0.015" classname="com.sirma.itt.javacourse.intro.SumOfStringsTest"/>
</testsuite> <!-- com.sirma.itt.javacourse.intro.SumOfStringsTest -->
