<?xml version="1.0" encoding="UTF-8"?>
<!-- Generated by org.testng.reporters.JUnitReportReporter -->
<testsuite hostname="sdjulgerova" name="com.sirma.itt.javacourse.intro.ArrayReverseTest" tests="3" failures="0" timestamp="22 Apr 2013 08:19:32 GMT" time="0.015" errors="0">
  <testcase name="reverseTast" time="0.015" classname="com.sirma.itt.javacourse.intro.ArrayReverseTest"/>
  <testcase name="reverseTast" time="0.000" classname="com.sirma.itt.javacourse.intro.ArrayReverseTest"/>
  <testcase name="reverseTast" time="0.000" classname="com.sirma.itt.javacourse.intro.ArrayReverseTest"/>
</testsuite> <!-- com.sirma.itt.javacourse.intro.ArrayReverseTest -->
