<?xml version="1.0" encoding="UTF-8"?>
<!-- Generated by org.testng.reporters.JUnitReportReporter -->
<testsuite hostname="sdjulgerova" name="com.sirma.itt.javacourse.intro.QuickSortTest" tests="3" failures="0" timestamp="23 Apr 2013 08:30:09 GMT" time="0.031" errors="0">
  <testcase name="testSort" time="0.016" classname="com.sirma.itt.javacourse.intro.QuickSortTest"/>
  <testcase name="testSort" time="0.000" classname="com.sirma.itt.javacourse.intro.QuickSortTest"/>
  <testcase name="testSort" time="0.015" classname="com.sirma.itt.javacourse.intro.QuickSortTest"/>
</testsuite> <!-- com.sirma.itt.javacourse.intro.QuickSortTest -->
