<?xml version="1.0" encoding="UTF-8"?>
<!-- Generated by org.testng.reporters.JUnitReportReporter -->
<testsuite hostname="sdjulgerova" name="com.sirma.itt.javacourse.intro.ArrayCenterTest" tests="3" failures="0" timestamp="25 Apr 2013 09:32:26 GMT" time="0.015" errors="0">
  <testcase name="calculateTast" time="0.000" classname="com.sirma.itt.javacourse.intro.ArrayCenterTest"/>
  <testcase name="calculateTast" time="0.000" classname="com.sirma.itt.javacourse.intro.ArrayCenterTest"/>
  <testcase name="calculateTast" time="0.015" classname="com.sirma.itt.javacourse.intro.ArrayCenterTest"/>
</testsuite> <!-- com.sirma.itt.javacourse.intro.ArrayCenterTest -->
