<?xml version="1.0" encoding="UTF-8"?>
<!-- Generated by org.testng.reporters.JUnitReportReporter -->
<testsuite hostname="sdjulgerova" name="com.sirma.itt.javacourse.intro.ArraysTest" tests="6" failures="0" timestamp="23 Apr 2013 08:29:28 GMT" time="0.015" errors="0">
  <testcase name="minTest" time="0.000" classname="com.sirma.itt.javacourse.intro.ArraysTest"/>
  <testcase name="minTest" time="0.015" classname="com.sirma.itt.javacourse.intro.ArraysTest"/>
  <testcase name="sumTest" time="0.000" classname="com.sirma.itt.javacourse.intro.ArraysTest"/>
  <testcase name="sumTest" time="0.000" classname="com.sirma.itt.javacourse.intro.ArraysTest"/>
  <testcase name="sumTest" time="0.000" classname="com.sirma.itt.javacourse.intro.ArraysTest"/>
  <testcase name="minTest" time="0.000" classname="com.sirma.itt.javacourse.intro.ArraysTest"/>
</testsuite> <!-- com.sirma.itt.javacourse.intro.ArraysTest -->
