<?xml version="1.0" encoding="UTF-8"?>
<!-- Generated by org.testng.reporters.JUnitReportReporter -->
<testsuite hostname="sdjulgerova" name="com.sirma.itt.javacourse.intro.ArrayCenterTest" tests="3" failures="0" timestamp="23 Apr 2013 08:27:56 GMT" time="0.078" errors="0">
  <testcase name="calculateTast" time="0.000" classname="com.sirma.itt.javacourse.intro.ArrayCenterTest"/>
  <testcase name="calculateTast" time="0.000" classname="com.sirma.itt.javacourse.intro.ArrayCenterTest"/>
  <testcase name="calculateTast" time="0.078" classname="com.sirma.itt.javacourse.intro.ArrayCenterTest"/>
</testsuite> <!-- com.sirma.itt.javacourse.intro.ArrayCenterTest -->
