<?xml version="1.0" encoding="UTF-8"?>
<!-- Generated by org.testng.reporters.JUnitReportReporter -->
<testsuite hostname="sdjulgerova" name="com.sirma.itt.javacourse.threads.WarehouseTest" tests="2" failures="0" timestamp="10 Jun 2013 13:07:37 GMT" time="0.015" errors="0">
  <testcase name="putStock" time="0.000" classname="com.sirma.itt.javacourse.threads.WarehouseTest"/>
  <testcase name="getStock" time="0.015" classname="com.sirma.itt.javacourse.threads.WarehouseTest"/>
</testsuite> <!-- com.sirma.itt.javacourse.threads.WarehouseTest -->
