<?xml version="1.0" encoding="UTF-8"?>
<!-- Generated by org.testng.reporters.JUnitReportReporter -->
<testsuite hostname="sdjulgerova" name="com.sirma.itt.javacourse.threads.SynchronizedStackTest" tests="2" failures="0" timestamp="10 Jun 2013 12:57:50 GMT" time="0.015" errors="0">
  <testcase name="remove" time="0.000" classname="com.sirma.itt.javacourse.threads.SynchronizedStackTest"/>
  <testcase name="add" time="0.015" classname="com.sirma.itt.javacourse.threads.SynchronizedStackTest"/>
</testsuite> <!-- com.sirma.itt.javacourse.threads.SynchronizedStackTest -->
