<?xml version="1.0" encoding="UTF-8"?>
<!-- Generated by org.testng.reporters.JUnitReportReporter -->
<testsuite hostname="sdjulgerova" name="com.sirma.itt.javacourse.threads.TimeoutHashtableTest" tests="2" failures="0" timestamp="10 Jun 2013 13:39:54 GMT" time="0.016" errors="0">
  <testcase name="put" time="0.000" classname="com.sirma.itt.javacourse.threads.TimeoutHashtableTest"/>
  <testcase name="get" time="0.016" classname="com.sirma.itt.javacourse.threads.TimeoutHashtableTest"/>
</testsuite> <!-- com.sirma.itt.javacourse.threads.TimeoutHashtableTest -->
